<?xml version="1.0" encoding="UTF-8"?>
<!-- Generated by org.testng.reporters.JUnitReportReporter -->
<testsuite hostname="LAPTOP-OFQEUEP0" failures="0" tests="1" name="aJio.ChooseCategoryCheckBoxes" time="19.913" errors="0" timestamp="2023-10-26T20:51:17 IST" skipped="0">
  <testcase classname="aJio.ChooseCategoryCheckBoxes" name="checkBoxTest" time="19.913"/>
</testsuite> <!-- aJio.ChooseCategoryCheckBoxes -->
