<?xml version="1.0" encoding="UTF-8"?>
<!-- Generated by org.testng.reporters.JUnitReportReporter -->
<testsuite hostname="LAPTOP-OFQEUEP0" failures="0" tests="1" name="testNGprogrammes.OrangeHRMApplication2" time="13.730" errors="0" timestamp="2023-08-16T20:13:23 IST" skipped="0">
  <testcase classname="testNGprogrammes.OrangeHRMApplication2" name="setup" time="13.730"/>
</testsuite> <!-- testNGprogrammes.OrangeHRMApplication2 -->
