<?xml version="1.0" encoding="UTF-8"?>
<!-- Generated by org.testng.reporters.JUnitReportReporter -->
<testsuite hostname="LAPTOP-OFQEUEP0" failures="0" tests="6" name="testNGprogrammes.OrangeHRM" time="30.985" errors="0" timestamp="2023-09-16T21:12:08 IST" skipped="0">
  <testcase classname="testNGprogrammes.OrangeHRM" name="validatingOHRM" time="11.967"/>
  <testcase classname="testNGprogrammes.OrangeHRM" name="addemployee" time="1.870"/>
  <testcase classname="testNGprogrammes.OrangeHRM" name="addemployeedata" time="0.882"/>
  <testcase classname="testNGprogrammes.OrangeHRM" name="photoUpload" time="5.658"/>
  <testcase classname="testNGprogrammes.OrangeHRM" name="logoutorangeHRM" time="7.271"/>
  <testcase classname="testNGprogrammes.OrangeHRM" name="applicationclose" time="3.337"/>
</testsuite> <!-- testNGprogrammes.OrangeHRM -->
