<?xml version="1.0" encoding="UTF-8"?>
<!-- Generated by org.testng.reporters.JUnitReportReporter -->
<testsuite hostname="LAPTOP-OFQEUEP0" failures="0" tests="1" name="testNGprogrammes.AutoSuggestion" time="19.715" errors="0" timestamp="2023-08-17T21:51:54 IST" skipped="0">
  <testcase classname="testNGprogrammes.AutoSuggestion" name="mouseHoverTest" time="19.715"/>
</testsuite> <!-- testNGprogrammes.AutoSuggestion -->
