<?xml version="1.0" encoding="UTF-8"?>
<!-- Generated by org.testng.reporters.JUnitReportReporter -->
<testsuite hostname="LAPTOP-OFQEUEP0" failures="0" tests="1" name="testNGprogrammes.checkbox" time="12.126" errors="0" timestamp="2023-10-27T16:33:00 IST" skipped="0">
  <testcase classname="testNGprogrammes.checkbox" name="checkBoxTest" time="12.126"/>
</testsuite> <!-- testNGprogrammes.checkbox -->
