<?xml version="1.0" encoding="UTF-8"?>
<!-- Generated by org.testng.reporters.JUnitReportReporter -->
<testsuite hostname="LAPTOP-OFQEUEP0" failures="0" tests="4" name="testNGprogrammes.OrangeHRMApp" time="45.857" errors="0" timestamp="2023-09-22T18:31:53 IST" skipped="0">
  <testcase classname="testNGprogrammes.OrangeHRMApp" name="LaunchOrangeHRM" time="11.281"/>
  <testcase classname="testNGprogrammes.OrangeHRMApp" name="AddEmployee" time="17.580"/>
  <testcase classname="testNGprogrammes.OrangeHRMApp" name="EmployeeList" time="11.601"/>
  <testcase classname="testNGprogrammes.OrangeHRMApp" name="LogoutOrangeHRM" time="5.395"/>
</testsuite> <!-- testNGprogrammes.OrangeHRMApp -->
