<?xml version="1.0" encoding="UTF-8"?>
<!-- Generated by org.testng.reporters.JUnitReportReporter -->
<testsuite hostname="LAPTOP-OFQEUEP0" failures="0" tests="1" name="testNGprogrammes.RadioButton" time="22.113" errors="0" timestamp="2023-10-27T16:39:47 IST" skipped="0">
  <testcase classname="testNGprogrammes.RadioButton" name="radioButtonTest" time="22.113"/>
</testsuite> <!-- testNGprogrammes.RadioButton -->
