<?xml version="1.0" encoding="UTF-8"?>
<!-- Generated by org.testng.reporters.JUnitReportReporter -->
<testsuite hostname="LAPTOP-OFQEUEP0" failures="0" tests="1" name="testNGprogrammes.Alerthandling" time="12.908" errors="0" timestamp="2023-08-06T19:28:00 IST" skipped="0">
  <testcase classname="testNGprogrammes.Alerthandling" name="alertHandleTest" time="12.908"/>
</testsuite> <!-- testNGprogrammes.Alerthandling -->
